{"C:\\Users\\woody\\Desktop\\COMP531\\hw5-DiWu9\\frontend\\src\\App.js": {"path":"C:\\Users\\woody\\Desktop\\COMP531\\hw5-DiWu9\\frontend\\src\\App.js","statementMap":{"0":{"start":{"line":9,"column":4},"end":{"line":13,"column":9}},"1":{"start":{"line":10,"column":21},"end":{"line":10,"column":31}},"2":{"start":{"line":12,"column":8},"end":{"line":12,"column":37}},"3":{"start":{"line":15,"column":4},"end":{"line":19,"column":9}},"4":{"start":{"line":16,"column":21},"end":{"line":16,"column":31}},"5":{"start":{"line":18,"column":8},"end":{"line":18,"column":37}},"6":{"start":{"line":23,"column":4},"end":{"line":29,"column":6}},"7":{"start":{"line":33,"column":24},"end":{"line":36,"column":1}},"8":{"start":{"line":34,"column":2},"end":{"line":35,"column":4}},"9":{"start":{"line":38,"column":27},"end":{"line":43,"column":1}},"10":{"start":{"line":39,"column":2},"end":{"line":42,"column":4}},"11":{"start":{"line":40,"column":29},"end":{"line":40,"column":58}},"12":{"start":{"line":41,"column":29},"end":{"line":41,"column":58}}},"fnMap":{"0":{"name":"(anonymous_0)","decl":{"start":{"line":8,"column":2},"end":{"line":8,"column":3}},"loc":{"start":{"line":8,"column":22},"end":{"line":20,"column":3}},"line":8},"1":{"name":"(anonymous_1)","decl":{"start":{"line":10,"column":12},"end":{"line":10,"column":13}},"loc":{"start":{"line":10,"column":21},"end":{"line":10,"column":31}},"line":10},"2":{"name":"(anonymous_2)","decl":{"start":{"line":11,"column":12},"end":{"line":11,"column":13}},"loc":{"start":{"line":11,"column":21},"end":{"line":13,"column":7}},"line":11},"3":{"name":"(anonymous_3)","decl":{"start":{"line":16,"column":12},"end":{"line":16,"column":13}},"loc":{"start":{"line":16,"column":21},"end":{"line":16,"column":31}},"line":16},"4":{"name":"(anonymous_4)","decl":{"start":{"line":17,"column":12},"end":{"line":17,"column":13}},"loc":{"start":{"line":17,"column":21},"end":{"line":19,"column":7}},"line":17},"5":{"name":"(anonymous_5)","decl":{"start":{"line":22,"column":2},"end":{"line":22,"column":3}},"loc":{"start":{"line":22,"column":11},"end":{"line":30,"column":3}},"line":22},"6":{"name":"(anonymous_6)","decl":{"start":{"line":33,"column":24},"end":{"line":33,"column":25}},"loc":{"start":{"line":33,"column":35},"end":{"line":36,"column":1}},"line":33},"7":{"name":"(anonymous_7)","decl":{"start":{"line":38,"column":27},"end":{"line":38,"column":28}},"loc":{"start":{"line":38,"column":41},"end":{"line":43,"column":1}},"line":38},"8":{"name":"(anonymous_8)","decl":{"start":{"line":40,"column":18},"end":{"line":40,"column":19}},"loc":{"start":{"line":40,"column":29},"end":{"line":40,"column":58}},"line":40},"9":{"name":"(anonymous_9)","decl":{"start":{"line":41,"column":18},"end":{"line":41,"column":19}},"loc":{"start":{"line":41,"column":29},"end":{"line":41,"column":58}},"line":41}},"branchMap":{},"s":{"0":0,"1":0,"2":0,"3":0,"4":0,"5":0,"6":0,"7":0,"8":0,"9":0,"10":0,"11":0,"12":0},"f":{"0":0,"1":0,"2":0,"3":0,"4":0,"5":0,"6":0,"7":0,"8":0,"9":0},"b":{}}
,"C:\\Users\\woody\\Desktop\\COMP531\\hw5-DiWu9\\frontend\\src\\actions.js": {"path":"C:\\Users\\woody\\Desktop\\COMP531\\hw5-DiWu9\\frontend\\src\\actions.js","statementMap":{"0":{"start":{"line":1,"column":29},"end":{"line":1,"column":44}},"1":{"start":{"line":2,"column":29},"end":{"line":2,"column":44}},"2":{"start":{"line":3,"column":29},"end":{"line":3,"column":44}},"3":{"start":{"line":4,"column":27},"end":{"line":4,"column":40}},"4":{"start":{"line":5,"column":29},"end":{"line":5,"column":44}},"5":{"start":{"line":6,"column":36},"end":{"line":6,"column":58}},"6":{"start":{"line":7,"column":29},"end":{"line":7,"column":44}},"7":{"start":{"line":8,"column":31},"end":{"line":8,"column":48}},"8":{"start":{"line":9,"column":31},"end":{"line":9,"column":48}},"9":{"start":{"line":10,"column":28},"end":{"line":10,"column":42}},"10":{"start":{"line":11,"column":29},"end":{"line":11,"column":44}},"11":{"start":{"line":12,"column":29},"end":{"line":12,"column":44}},"12":{"start":{"line":13,"column":35},"end":{"line":13,"column":56}},"13":{"start":{"line":16,"column":2},"end":{"line":16,"column":40}},"14":{"start":{"line":20,"column":2},"end":{"line":20,"column":40}},"15":{"start":{"line":24,"column":2},"end":{"line":24,"column":46}},"16":{"start":{"line":28,"column":2},"end":{"line":28,"column":41}},"17":{"start":{"line":32,"column":2},"end":{"line":32,"column":33}},"18":{"start":{"line":36,"column":2},"end":{"line":36,"column":51}},"19":{"start":{"line":40,"column":2},"end":{"line":40,"column":43}},"20":{"start":{"line":44,"column":2},"end":{"line":44,"column":39}},"21":{"start":{"line":48,"column":2},"end":{"line":48,"column":49}},"22":{"start":{"line":52,"column":2},"end":{"line":52,"column":42}},"23":{"start":{"line":56,"column":2},"end":{"line":56,"column":33}},"24":{"start":{"line":60,"column":2},"end":{"line":60,"column":46}},"25":{"start":{"line":64,"column":2},"end":{"line":64,"column":39}}},"fnMap":{"0":{"name":"requestPosts","decl":{"start":{"line":15,"column":16},"end":{"line":15,"column":28}},"loc":{"start":{"line":15,"column":36},"end":{"line":17,"column":1}},"line":15},"1":{"name":"requestUsers","decl":{"start":{"line":19,"column":16},"end":{"line":19,"column":28}},"loc":{"start":{"line":19,"column":36},"end":{"line":21,"column":1}},"line":19},"2":{"name":"handleSearch","decl":{"start":{"line":23,"column":16},"end":{"line":23,"column":28}},"loc":{"start":{"line":23,"column":42},"end":{"line":25,"column":1}},"line":23},"3":{"name":"handlePost","decl":{"start":{"line":27,"column":16},"end":{"line":27,"column":26}},"loc":{"start":{"line":27,"column":37},"end":{"line":29,"column":1}},"line":27},"4":{"name":"handleCancel","decl":{"start":{"line":31,"column":16},"end":{"line":31,"column":28}},"loc":{"start":{"line":31,"column":31},"end":{"line":33,"column":1}},"line":31},"5":{"name":"handleChangeStatus","decl":{"start":{"line":35,"column":16},"end":{"line":35,"column":34}},"loc":{"start":{"line":35,"column":46},"end":{"line":37,"column":1}},"line":35},"6":{"name":"handleFollow","decl":{"start":{"line":39,"column":16},"end":{"line":39,"column":28}},"loc":{"start":{"line":39,"column":39},"end":{"line":41,"column":1}},"line":39},"7":{"name":"handleUnfollow","decl":{"start":{"line":43,"column":16},"end":{"line":43,"column":30}},"loc":{"start":{"line":43,"column":35},"end":{"line":45,"column":1}},"line":43},"8":{"name":"handleRegister","decl":{"start":{"line":47,"column":16},"end":{"line":47,"column":30}},"loc":{"start":{"line":47,"column":45},"end":{"line":49,"column":1}},"line":47},"9":{"name":"handleLogin","decl":{"start":{"line":51,"column":16},"end":{"line":51,"column":27}},"loc":{"start":{"line":51,"column":38},"end":{"line":53,"column":1}},"line":51},"10":{"name":"handleLogout","decl":{"start":{"line":55,"column":16},"end":{"line":55,"column":28}},"loc":{"start":{"line":55,"column":31},"end":{"line":57,"column":1}},"line":55},"11":{"name":"handleUpdate","decl":{"start":{"line":59,"column":16},"end":{"line":59,"column":28}},"loc":{"start":{"line":59,"column":42},"end":{"line":61,"column":1}},"line":59},"12":{"name":"switchProfilePage","decl":{"start":{"line":63,"column":16},"end":{"line":63,"column":33}},"loc":{"start":{"line":63,"column":36},"end":{"line":65,"column":1}},"line":63}},"branchMap":{},"s":{"0":1,"1":1,"2":1,"3":1,"4":1,"5":1,"6":1,"7":1,"8":1,"9":1,"10":1,"11":1,"12":1,"13":14,"14":14,"15":3,"16":1,"17":1,"18":1,"19":2,"20":1,"21":2,"22":12,"23":1,"24":2,"25":2},"f":{"0":14,"1":14,"2":3,"3":1,"4":1,"5":1,"6":2,"7":1,"8":2,"9":12,"10":1,"11":2,"12":2},"b":{},"_coverageSchema":"1a1c01bbd47fc00a2c39e90264f33305004495a9","hash":"8e6b8c1350c5e7ec672e2145c01a24843b9caa59"}
,"C:\\Users\\woody\\Desktop\\COMP531\\hw5-DiWu9\\frontend\\src\\data.js": {"path":"C:\\Users\\woody\\Desktop\\COMP531\\hw5-DiWu9\\frontend\\src\\data.js","statementMap":{"0":{"start":{"line":1,"column":21},"end":{"line":610,"column":1}},"1":{"start":{"line":612,"column":21},"end":{"line":843,"column":1}},"2":{"start":{"line":845,"column":29},"end":{"line":852,"column":1}},"3":{"start":{"line":854,"column":24},"end":{"line":857,"column":1}},"4":{"start":{"line":859,"column":29},"end":{"line":864,"column":1}},"5":{"start":{"line":866,"column":29},"end":{"line":871,"column":1}}},"fnMap":{},"branchMap":{},"s":{"0":1,"1":1,"2":1,"3":1,"4":1,"5":1},"f":{},"b":{},"_coverageSchema":"1a1c01bbd47fc00a2c39e90264f33305004495a9","hash":"d1063eff654ce900a733c852cf6209d746ba677c"}
,"C:\\Users\\woody\\Desktop\\COMP531\\hw5-DiWu9\\frontend\\src\\functions.js": {"path":"C:\\Users\\woody\\Desktop\\COMP531\\hw5-DiWu9\\frontend\\src\\functions.js","statementMap":{"0":{"start":{"line":2,"column":2},"end":{"line":2,"column":59}}},"fnMap":{"0":{"name":"randomInt","decl":{"start":{"line":1,"column":16},"end":{"line":1,"column":25}},"loc":{"start":{"line":1,"column":36},"end":{"line":3,"column":1}},"line":1}},"branchMap":{},"s":{"0":0},"f":{"0":0},"b":{}}
,"C:\\Users\\woody\\Desktop\\COMP531\\hw5-DiWu9\\frontend\\src\\index.js": {"path":"C:\\Users\\woody\\Desktop\\COMP531\\hw5-DiWu9\\frontend\\src\\index.js","statementMap":{"0":{"start":{"line":17,"column":14},"end":{"line":17,"column":49}},"1":{"start":{"line":19,"column":13},"end":{"line":19,"column":65}},"2":{"start":{"line":20,"column":0},"end":{"line":30,"column":2}},"3":{"start":{"line":35,"column":0},"end":{"line":35,"column":18}}},"fnMap":{},"branchMap":{},"s":{"0":0,"1":0,"2":0,"3":0},"f":{},"b":{}}
,"C:\\Users\\woody\\Desktop\\COMP531\\hw5-DiWu9\\frontend\\src\\reducers.js": {"path":"C:\\Users\\woody\\Desktop\\COMP531\\hw5-DiWu9\\frontend\\src\\reducers.js","statementMap":{"0":{"start":{"line":17,"column":16},"end":{"line":17,"column":25}},"1":{"start":{"line":18,"column":13},"end":{"line":18,"column":19}},"2":{"start":{"line":19,"column":16},"end":{"line":19,"column":25}},"3":{"start":{"line":21,"column":21},"end":{"line":53,"column":1}},"4":{"start":{"line":57,"column":2},"end":{"line":260,"column":3}},"5":{"start":{"line":60,"column":6},"end":{"line":60,"column":47}},"6":{"start":{"line":63,"column":21},"end":{"line":63,"column":33}},"7":{"start":{"line":64,"column":24},"end":{"line":64,"column":26}},"8":{"start":{"line":65,"column":25},"end":{"line":65,"column":27}},"9":{"start":{"line":66,"column":6},"end":{"line":80,"column":7}},"10":{"start":{"line":66,"column":19},"end":{"line":66,"column":20}},"11":{"start":{"line":67,"column":22},"end":{"line":67,"column":33}},"12":{"start":{"line":68,"column":8},"end":{"line":70,"column":9}},"13":{"start":{"line":69,"column":10},"end":{"line":69,"column":78}},"14":{"start":{"line":71,"column":8},"end":{"line":78,"column":10}},"15":{"start":{"line":79,"column":8},"end":{"line":79,"column":64}},"16":{"start":{"line":82,"column":6},"end":{"line":82,"column":99}},"17":{"start":{"line":85,"column":25},"end":{"line":85,"column":44}},"18":{"start":{"line":86,"column":32},"end":{"line":86,"column":64}},"19":{"start":{"line":87,"column":32},"end":{"line":87,"column":64}},"20":{"start":{"line":88,"column":26},"end":{"line":88,"column":52}},"21":{"start":{"line":89,"column":26},"end":{"line":89,"column":52}},"22":{"start":{"line":90,"column":24},"end":{"line":90,"column":48}},"23":{"start":{"line":91,"column":29},"end":{"line":91,"column":58}},"24":{"start":{"line":92,"column":26},"end":{"line":92,"column":58}},"25":{"start":{"line":93,"column":39},"end":{"line":93,"column":65}},"26":{"start":{"line":94,"column":25},"end":{"line":103,"column":7}},"27":{"start":{"line":104,"column":6},"end":{"line":104,"column":52}},"28":{"start":{"line":105,"column":33},"end":{"line":105,"column":55}},"29":{"start":{"line":106,"column":6},"end":{"line":106,"column":67}},"30":{"start":{"line":107,"column":32},"end":{"line":107,"column":53}},"31":{"start":{"line":108,"column":6},"end":{"line":115,"column":8}},"32":{"start":{"line":116,"column":34},"end":{"line":116,"column":55}},"33":{"start":{"line":117,"column":6},"end":{"line":117,"column":48}},"34":{"start":{"line":118,"column":36},"end":{"line":118,"column":52}},"35":{"start":{"line":119,"column":6},"end":{"line":119,"column":291}},"36":{"start":{"line":122,"column":26},"end":{"line":122,"column":41}},"37":{"start":{"line":123,"column":6},"end":{"line":127,"column":7}},"38":{"start":{"line":123,"column":20},"end":{"line":123,"column":21}},"39":{"start":{"line":124,"column":8},"end":{"line":126,"column":9}},"40":{"start":{"line":125,"column":10},"end":{"line":125,"column":128}},"41":{"start":{"line":128,"column":6},"end":{"line":128,"column":26}},"42":{"start":{"line":131,"column":24},"end":{"line":131,"column":42}},"43":{"start":{"line":132,"column":6},"end":{"line":132,"column":31}},"44":{"start":{"line":133,"column":21},"end":{"line":133,"column":23}},"45":{"start":{"line":134,"column":30},"end":{"line":134,"column":32}},"46":{"start":{"line":135,"column":21},"end":{"line":135,"column":61}},"47":{"start":{"line":136,"column":6},"end":{"line":147,"column":7}},"48":{"start":{"line":136,"column":19},"end":{"line":136,"column":20}},"49":{"start":{"line":137,"column":19},"end":{"line":137,"column":30}},"50":{"start":{"line":138,"column":27},"end":{"line":138,"column":63}},"51":{"start":{"line":139,"column":8},"end":{"line":146,"column":9}},"52":{"start":{"line":143,"column":10},"end":{"line":143,"column":30}},"53":{"start":{"line":145,"column":10},"end":{"line":145,"column":39}},"54":{"start":{"line":148,"column":6},"end":{"line":148,"column":78}},"55":{"start":{"line":151,"column":21},"end":{"line":151,"column":36}},"56":{"start":{"line":152,"column":18},"end":{"line":152,"column":32}},"57":{"start":{"line":153,"column":17},"end":{"line":153,"column":30}},"58":{"start":{"line":154,"column":15},"end":{"line":154,"column":62}},"59":{"start":{"line":155,"column":30},"end":{"line":162,"column":27}},"60":{"start":{"line":163,"column":6},"end":{"line":163,"column":52}},"61":{"start":{"line":166,"column":6},"end":{"line":166,"column":26}},"62":{"start":{"line":169,"column":6},"end":{"line":169,"column":61}},"63":{"start":{"line":170,"column":6},"end":{"line":170,"column":52}},"64":{"start":{"line":173,"column":27},"end":{"line":173,"column":42}},"65":{"start":{"line":174,"column":6},"end":{"line":201,"column":7}},"66":{"start":{"line":176,"column":8},"end":{"line":181,"column":9}},"67":{"start":{"line":176,"column":22},"end":{"line":176,"column":23}},"68":{"start":{"line":177,"column":10},"end":{"line":180,"column":11}},"69":{"start":{"line":178,"column":12},"end":{"line":178,"column":30}},"70":{"start":{"line":179,"column":12},"end":{"line":179,"column":18}},"71":{"start":{"line":182,"column":8},"end":{"line":200,"column":9}},"72":{"start":{"line":183,"column":30},"end":{"line":183,"column":53}},"73":{"start":{"line":184,"column":10},"end":{"line":199,"column":11}},"74":{"start":{"line":185,"column":12},"end":{"line":187,"column":14}},"75":{"start":{"line":188,"column":33},"end":{"line":188,"column":49}},"76":{"start":{"line":189,"column":43},"end":{"line":189,"column":45}},"77":{"start":{"line":190,"column":12},"end":{"line":197,"column":13}},"78":{"start":{"line":190,"column":25},"end":{"line":190,"column":26}},"79":{"start":{"line":191,"column":35},"end":{"line":191,"column":59}},"80":{"start":{"line":192,"column":14},"end":{"line":196,"column":15}},"81":{"start":{"line":193,"column":16},"end":{"line":193,"column":73}},"82":{"start":{"line":195,"column":16},"end":{"line":195,"column":93}},"83":{"start":{"line":198,"column":12},"end":{"line":198,"column":125}},"84":{"start":{"line":202,"column":6},"end":{"line":202,"column":26}},"85":{"start":{"line":205,"column":34},"end":{"line":205,"column":57}},"86":{"start":{"line":206,"column":31},"end":{"line":206,"column":33}},"87":{"start":{"line":207,"column":6},"end":{"line":211,"column":7}},"88":{"start":{"line":207,"column":19},"end":{"line":207,"column":20}},"89":{"start":{"line":208,"column":8},"end":{"line":210,"column":9}},"90":{"start":{"line":209,"column":10},"end":{"line":209,"column":74}},"91":{"start":{"line":212,"column":6},"end":{"line":212,"column":63}},"92":{"start":{"line":213,"column":36},"end":{"line":213,"column":61}},"93":{"start":{"line":214,"column":37},"end":{"line":214,"column":39}},"94":{"start":{"line":215,"column":39},"end":{"line":215,"column":65}},"95":{"start":{"line":216,"column":37},"end":{"line":216,"column":85}},"96":{"start":{"line":217,"column":6},"end":{"line":223,"column":7}},"97":{"start":{"line":217,"column":19},"end":{"line":217,"column":20}},"98":{"start":{"line":218,"column":8},"end":{"line":222,"column":9}},"99":{"start":{"line":219,"column":10},"end":{"line":219,"column":71}},"100":{"start":{"line":221,"column":10},"end":{"line":221,"column":69}},"101":{"start":{"line":224,"column":6},"end":{"line":224,"column":159}},"102":{"start":{"line":227,"column":6},"end":{"line":227,"column":85}},"103":{"start":{"line":230,"column":6},"end":{"line":232,"column":7}},"104":{"start":{"line":231,"column":8},"end":{"line":231,"column":28}},"105":{"start":{"line":233,"column":24},"end":{"line":233,"column":42}},"106":{"start":{"line":234,"column":24},"end":{"line":234,"column":47}},"107":{"start":{"line":235,"column":24},"end":{"line":235,"column":47}},"108":{"start":{"line":236,"column":22},"end":{"line":236,"column":43}},"109":{"start":{"line":237,"column":27},"end":{"line":237,"column":53}},"110":{"start":{"line":238,"column":28},"end":{"line":238,"column":48}},"111":{"start":{"line":239,"column":27},"end":{"line":239,"column":46}},"112":{"start":{"line":240,"column":35},"end":{"line":240,"column":63}},"113":{"start":{"line":241,"column":6},"end":{"line":243,"column":7}},"114":{"start":{"line":242,"column":8},"end":{"line":242,"column":81}},"115":{"start":{"line":244,"column":6},"end":{"line":246,"column":7}},"116":{"start":{"line":245,"column":8},"end":{"line":245,"column":81}},"117":{"start":{"line":247,"column":6},"end":{"line":249,"column":7}},"118":{"start":{"line":248,"column":8},"end":{"line":248,"column":77}},"119":{"start":{"line":250,"column":6},"end":{"line":252,"column":7}},"120":{"start":{"line":251,"column":8},"end":{"line":251,"column":81}},"121":{"start":{"line":253,"column":6},"end":{"line":253,"column":60}},"122":{"start":{"line":254,"column":6},"end":{"line":254,"column":35}},"123":{"start":{"line":255,"column":6},"end":{"line":255,"column":97}},"124":{"start":{"line":257,"column":6},"end":{"line":257,"column":43}},"125":{"start":{"line":259,"column":6},"end":{"line":259,"column":26}}},"fnMap":{"0":{"name":"webApp","decl":{"start":{"line":55,"column":16},"end":{"line":55,"column":22}},"loc":{"start":{"line":55,"column":53},"end":{"line":261,"column":1}},"line":55}},"branchMap":{"0":{"loc":{"start":{"line":55,"column":23},"end":{"line":55,"column":43}},"type":"default-arg","locations":[{"start":{"line":55,"column":31},"end":{"line":55,"column":43}}],"line":55},"1":{"loc":{"start":{"line":57,"column":2},"end":{"line":260,"column":3}},"type":"switch","locations":[{"start":{"line":59,"column":4},"end":{"line":60,"column":47}},{"start":{"line":62,"column":4},"end":{"line":82,"column":99}},{"start":{"line":84,"column":4},"end":{"line":119,"column":291}},{"start":{"line":121,"column":4},"end":{"line":128,"column":26}},{"start":{"line":130,"column":4},"end":{"line":148,"column":78}},{"start":{"line":150,"column":4},"end":{"line":163,"column":52}},{"start":{"line":165,"column":4},"end":{"line":166,"column":26}},{"start":{"line":168,"column":4},"end":{"line":170,"column":52}},{"start":{"line":172,"column":4},"end":{"line":202,"column":26}},{"start":{"line":204,"column":4},"end":{"line":224,"column":159}},{"start":{"line":226,"column":4},"end":{"line":227,"column":85}},{"start":{"line":229,"column":4},"end":{"line":255,"column":97}},{"start":{"line":256,"column":4},"end":{"line":257,"column":43}},{"start":{"line":258,"column":4},"end":{"line":259,"column":26}}],"line":57},"2":{"loc":{"start":{"line":68,"column":8},"end":{"line":70,"column":9}},"type":"if","locations":[{"start":{"line":68,"column":8},"end":{"line":70,"column":9}},{"start":{},"end":{}}],"line":68},"3":{"loc":{"start":{"line":124,"column":8},"end":{"line":126,"column":9}},"type":"if","locations":[{"start":{"line":124,"column":8},"end":{"line":126,"column":9}},{"start":{},"end":{}}],"line":124},"4":{"loc":{"start":{"line":139,"column":8},"end":{"line":146,"column":9}},"type":"if","locations":[{"start":{"line":139,"column":8},"end":{"line":146,"column":9}},{"start":{"line":144,"column":15},"end":{"line":146,"column":9}}],"line":139},"5":{"loc":{"start":{"line":140,"column":10},"end":{"line":141,"column":41}},"type":"binary-expr","locations":[{"start":{"line":140,"column":10},"end":{"line":140,"column":38}},{"start":{"line":141,"column":10},"end":{"line":141,"column":41}}],"line":140},"6":{"loc":{"start":{"line":174,"column":6},"end":{"line":201,"column":7}},"type":"if","locations":[{"start":{"line":174,"column":6},"end":{"line":201,"column":7}},{"start":{},"end":{}}],"line":174},"7":{"loc":{"start":{"line":177,"column":10},"end":{"line":180,"column":11}},"type":"if","locations":[{"start":{"line":177,"column":10},"end":{"line":180,"column":11}},{"start":{},"end":{}}],"line":177},"8":{"loc":{"start":{"line":182,"column":8},"end":{"line":200,"column":9}},"type":"if","locations":[{"start":{"line":182,"column":8},"end":{"line":200,"column":9}},{"start":{},"end":{}}],"line":182},"9":{"loc":{"start":{"line":184,"column":10},"end":{"line":199,"column":11}},"type":"if","locations":[{"start":{"line":184,"column":10},"end":{"line":199,"column":11}},{"start":{},"end":{}}],"line":184},"10":{"loc":{"start":{"line":192,"column":14},"end":{"line":196,"column":15}},"type":"if","locations":[{"start":{"line":192,"column":14},"end":{"line":196,"column":15}},{"start":{"line":194,"column":21},"end":{"line":196,"column":15}}],"line":192},"11":{"loc":{"start":{"line":208,"column":8},"end":{"line":210,"column":9}},"type":"if","locations":[{"start":{"line":208,"column":8},"end":{"line":210,"column":9}},{"start":{},"end":{}}],"line":208},"12":{"loc":{"start":{"line":218,"column":8},"end":{"line":222,"column":9}},"type":"if","locations":[{"start":{"line":218,"column":8},"end":{"line":222,"column":9}},{"start":{"line":220,"column":15},"end":{"line":222,"column":9}}],"line":218},"13":{"loc":{"start":{"line":230,"column":6},"end":{"line":232,"column":7}},"type":"if","locations":[{"start":{"line":230,"column":6},"end":{"line":232,"column":7}},{"start":{},"end":{}}],"line":230},"14":{"loc":{"start":{"line":241,"column":6},"end":{"line":243,"column":7}},"type":"if","locations":[{"start":{"line":241,"column":6},"end":{"line":243,"column":7}},{"start":{},"end":{}}],"line":241},"15":{"loc":{"start":{"line":241,"column":10},"end":{"line":241,"column":43}},"type":"binary-expr","locations":[{"start":{"line":241,"column":10},"end":{"line":241,"column":21}},{"start":{"line":241,"column":25},"end":{"line":241,"column":43}}],"line":241},"16":{"loc":{"start":{"line":244,"column":6},"end":{"line":246,"column":7}},"type":"if","locations":[{"start":{"line":244,"column":6},"end":{"line":246,"column":7}},{"start":{},"end":{}}],"line":244},"17":{"loc":{"start":{"line":244,"column":10},"end":{"line":244,"column":43}},"type":"binary-expr","locations":[{"start":{"line":244,"column":10},"end":{"line":244,"column":21}},{"start":{"line":244,"column":25},"end":{"line":244,"column":43}}],"line":244},"18":{"loc":{"start":{"line":247,"column":6},"end":{"line":249,"column":7}},"type":"if","locations":[{"start":{"line":247,"column":6},"end":{"line":249,"column":7}},{"start":{},"end":{}}],"line":247},"19":{"loc":{"start":{"line":247,"column":10},"end":{"line":247,"column":39}},"type":"binary-expr","locations":[{"start":{"line":247,"column":10},"end":{"line":247,"column":19}},{"start":{"line":247,"column":23},"end":{"line":247,"column":39}}],"line":247},"20":{"loc":{"start":{"line":250,"column":6},"end":{"line":252,"column":7}},"type":"if","locations":[{"start":{"line":250,"column":6},"end":{"line":252,"column":7}},{"start":{},"end":{}}],"line":250},"21":{"loc":{"start":{"line":250,"column":10},"end":{"line":250,"column":49}},"type":"binary-expr","locations":[{"start":{"line":250,"column":10},"end":{"line":250,"column":24}},{"start":{"line":250,"column":28},"end":{"line":250,"column":49}}],"line":250}},"s":{"0":1,"1":1,"2":1,"3":1,"4":58,"5":14,"6":14,"7":14,"8":14,"9":14,"10":14,"11":140,"12":140,"13":10,"14":140,"15":140,"16":14,"17":2,"18":2,"19":2,"20":2,"21":2,"22":2,"23":2,"24":2,"25":2,"26":2,"27":2,"28":2,"29":2,"30":2,"31":2,"32":2,"33":2,"34":2,"35":2,"36":12,"37":12,"38":12,"39":28,"40":11,"41":1,"42":3,"43":3,"44":3,"45":3,"46":3,"47":3,"48":3,"49":300,"50":300,"51":300,"52":115,"53":185,"54":3,"55":1,"56":1,"57":1,"58":1,"59":1,"60":1,"61":1,"62":1,"63":1,"64":2,"65":2,"66":2,"67":2,"68":4,"69":2,"70":2,"71":2,"72":2,"73":2,"74":2,"75":2,"76":2,"77":2,"78":2,"79":200,"80":200,"81":20,"82":180,"83":2,"84":0,"85":1,"86":1,"87":1,"88":1,"89":1,"90":0,"91":1,"92":1,"93":1,"94":1,"95":1,"96":1,"97":1,"98":10,"99":10,"100":0,"101":1,"102":1,"103":2,"104":0,"105":2,"106":2,"107":2,"108":2,"109":2,"110":2,"111":2,"112":2,"113":2,"114":1,"115":2,"116":2,"117":2,"118":1,"119":2,"120":1,"121":2,"122":2,"123":2,"124":2,"125":2},"f":{"0":58},"b":{"0":[16],"1":[14,14,2,12,3,1,1,1,2,1,1,2,2,2],"2":[10,130],"3":[11,17],"4":[115,185],"5":[300,290],"6":[2,0],"7":[2,2],"8":[2,0],"9":[2,0],"10":[20,180],"11":[0,1],"12":[10,0],"13":[0,2],"14":[1,1],"15":[2,1],"16":[2,0],"17":[2,2],"18":[1,1],"19":[2,1],"20":[1,1],"21":[2,1]},"_coverageSchema":"1a1c01bbd47fc00a2c39e90264f33305004495a9","hash":"0945d4b691051176e845be48dc5b0010bf0289fd"}
,"C:\\Users\\woody\\Desktop\\COMP531\\hw5-DiWu9\\frontend\\src\\reportWebVitals.js": {"path":"C:\\Users\\woody\\Desktop\\COMP531\\hw5-DiWu9\\frontend\\src\\reportWebVitals.js","statementMap":{"0":{"start":{"line":1,"column":24},"end":{"line":11,"column":1}},"1":{"start":{"line":2,"column":2},"end":{"line":10,"column":3}},"2":{"start":{"line":3,"column":4},"end":{"line":9,"column":7}},"3":{"start":{"line":4,"column":6},"end":{"line":4,"column":26}},"4":{"start":{"line":5,"column":6},"end":{"line":5,"column":26}},"5":{"start":{"line":6,"column":6},"end":{"line":6,"column":26}},"6":{"start":{"line":7,"column":6},"end":{"line":7,"column":26}},"7":{"start":{"line":8,"column":6},"end":{"line":8,"column":27}}},"fnMap":{"0":{"name":"(anonymous_0)","decl":{"start":{"line":1,"column":24},"end":{"line":1,"column":25}},"loc":{"start":{"line":1,"column":39},"end":{"line":11,"column":1}},"line":1},"1":{"name":"(anonymous_1)","decl":{"start":{"line":3,"column":30},"end":{"line":3,"column":31}},"loc":{"start":{"line":3,"column":79},"end":{"line":9,"column":5}},"line":3}},"branchMap":{"0":{"loc":{"start":{"line":2,"column":2},"end":{"line":10,"column":3}},"type":"if","locations":[{"start":{"line":2,"column":2},"end":{"line":10,"column":3}},{"start":{},"end":{}}],"line":2},"1":{"loc":{"start":{"line":2,"column":6},"end":{"line":2,"column":52}},"type":"binary-expr","locations":[{"start":{"line":2,"column":6},"end":{"line":2,"column":17}},{"start":{"line":2,"column":21},"end":{"line":2,"column":52}}],"line":2}},"s":{"0":0,"1":0,"2":0,"3":0,"4":0,"5":0,"6":0,"7":0},"f":{"0":0,"1":0},"b":{"0":[0,0],"1":[0,0]}}
,"C:\\Users\\woody\\Desktop\\COMP531\\hw5-DiWu9\\frontend\\src\\components\\landing\\Landing.js": {"path":"C:\\Users\\woody\\Desktop\\COMP531\\hw5-DiWu9\\frontend\\src\\components\\landing\\Landing.js","statementMap":{"0":{"start":{"line":12,"column":24},"end":{"line":12,"column":72}},"1":{"start":{"line":13,"column":18},"end":{"line":13,"column":67}},"2":{"start":{"line":14,"column":24},"end":{"line":14,"column":72}},"3":{"start":{"line":16,"column":4},"end":{"line":24,"column":7}},"4":{"start":{"line":17,"column":6},"end":{"line":23,"column":7}},"5":{"start":{"line":18,"column":8},"end":{"line":20,"column":10}},"6":{"start":{"line":22,"column":8},"end":{"line":22,"column":42}},"7":{"start":{"line":26,"column":4},"end":{"line":32,"column":7}},"8":{"start":{"line":27,"column":6},"end":{"line":31,"column":7}},"9":{"start":{"line":28,"column":8},"end":{"line":28,"column":65}},"10":{"start":{"line":30,"column":8},"end":{"line":30,"column":36}},"11":{"start":{"line":34,"column":4},"end":{"line":40,"column":7}},"12":{"start":{"line":35,"column":6},"end":{"line":39,"column":7}},"13":{"start":{"line":36,"column":8},"end":{"line":36,"column":76}},"14":{"start":{"line":38,"column":8},"end":{"line":38,"column":42}},"15":{"start":{"line":44,"column":4},"end":{"line":63,"column":6}},"16":{"start":{"line":67,"column":24},"end":{"line":71,"column":1}},"17":{"start":{"line":68,"column":2},"end":{"line":70,"column":4}},"18":{"start":{"line":73,"column":27},"end":{"line":78,"column":1}},"19":{"start":{"line":74,"column":2},"end":{"line":77,"column":4}},"20":{"start":{"line":75,"column":29},"end":{"line":75,"column":58}},"21":{"start":{"line":76,"column":29},"end":{"line":76,"column":58}}},"fnMap":{"0":{"name":"(anonymous_0)","decl":{"start":{"line":10,"column":2},"end":{"line":10,"column":3}},"loc":{"start":{"line":10,"column":22},"end":{"line":41,"column":3}},"line":10},"1":{"name":"(anonymous_1)","decl":{"start":{"line":16,"column":42},"end":{"line":16,"column":43}},"loc":{"start":{"line":16,"column":54},"end":{"line":24,"column":5}},"line":16},"2":{"name":"(anonymous_2)","decl":{"start":{"line":26,"column":36},"end":{"line":26,"column":37}},"loc":{"start":{"line":26,"column":48},"end":{"line":32,"column":5}},"line":26},"3":{"name":"(anonymous_3)","decl":{"start":{"line":34,"column":42},"end":{"line":34,"column":43}},"loc":{"start":{"line":34,"column":54},"end":{"line":40,"column":5}},"line":34},"4":{"name":"(anonymous_4)","decl":{"start":{"line":43,"column":2},"end":{"line":43,"column":3}},"loc":{"start":{"line":43,"column":11},"end":{"line":64,"column":3}},"line":43},"5":{"name":"(anonymous_5)","decl":{"start":{"line":67,"column":24},"end":{"line":67,"column":25}},"loc":{"start":{"line":67,"column":35},"end":{"line":71,"column":1}},"line":67},"6":{"name":"(anonymous_6)","decl":{"start":{"line":73,"column":27},"end":{"line":73,"column":28}},"loc":{"start":{"line":73,"column":41},"end":{"line":78,"column":1}},"line":73},"7":{"name":"(anonymous_7)","decl":{"start":{"line":75,"column":18},"end":{"line":75,"column":19}},"loc":{"start":{"line":75,"column":29},"end":{"line":75,"column":58}},"line":75},"8":{"name":"(anonymous_8)","decl":{"start":{"line":76,"column":18},"end":{"line":76,"column":19}},"loc":{"start":{"line":76,"column":29},"end":{"line":76,"column":58}},"line":76}},"branchMap":{"0":{"loc":{"start":{"line":17,"column":6},"end":{"line":23,"column":7}},"type":"if","locations":[{"start":{"line":17,"column":6},"end":{"line":23,"column":7}},{"start":{"line":21,"column":13},"end":{"line":23,"column":7}}],"line":17},"1":{"loc":{"start":{"line":27,"column":6},"end":{"line":31,"column":7}},"type":"if","locations":[{"start":{"line":27,"column":6},"end":{"line":31,"column":7}},{"start":{"line":29,"column":13},"end":{"line":31,"column":7}}],"line":27},"2":{"loc":{"start":{"line":35,"column":6},"end":{"line":39,"column":7}},"type":"if","locations":[{"start":{"line":35,"column":6},"end":{"line":39,"column":7}},{"start":{"line":37,"column":13},"end":{"line":39,"column":7}}],"line":35}},"s":{"0":0,"1":0,"2":0,"3":0,"4":0,"5":0,"6":0,"7":0,"8":0,"9":0,"10":0,"11":0,"12":0,"13":0,"14":0,"15":0,"16":0,"17":0,"18":0,"19":0,"20":0,"21":0},"f":{"0":0,"1":0,"2":0,"3":0,"4":0,"5":0,"6":0,"7":0,"8":0},"b":{"0":[0,0],"1":[0,0],"2":[0,0]}}
,"C:\\Users\\woody\\Desktop\\COMP531\\hw5-DiWu9\\frontend\\src\\components\\landing\\LoginForm.js": {"path":"C:\\Users\\woody\\Desktop\\COMP531\\hw5-DiWu9\\frontend\\src\\components\\landing\\LoginForm.js","statementMap":{"0":{"start":{"line":8,"column":19},"end":{"line":8,"column":32}},"1":{"start":{"line":10,"column":16},"end":{"line":23,"column":3}},"2":{"start":{"line":11,"column":4},"end":{"line":11,"column":27}},"3":{"start":{"line":12,"column":19},"end":{"line":12,"column":70}},"4":{"start":{"line":13,"column":24},"end":{"line":13,"column":66}},"5":{"start":{"line":14,"column":26},"end":{"line":14,"column":45}},"6":{"start":{"line":15,"column":4},"end":{"line":22,"column":5}},"7":{"start":{"line":16,"column":6},"end":{"line":16,"column":28}},"8":{"start":{"line":17,"column":6},"end":{"line":17,"column":24}},"9":{"start":{"line":18,"column":6},"end":{"line":18,"column":18}},"10":{"start":{"line":20,"column":6},"end":{"line":20,"column":45}},"11":{"start":{"line":21,"column":6},"end":{"line":21,"column":19}},"12":{"start":{"line":25,"column":2},"end":{"line":57,"column":4}},"13":{"start":{"line":60,"column":24},"end":{"line":64,"column":1}},"14":{"start":{"line":61,"column":2},"end":{"line":63,"column":4}},"15":{"start":{"line":66,"column":27},"end":{"line":70,"column":1}},"16":{"start":{"line":67,"column":2},"end":{"line":69,"column":4}},"17":{"start":{"line":68,"column":31},"end":{"line":68,"column":62}}},"fnMap":{"0":{"name":"LoginForm","decl":{"start":{"line":7,"column":9},"end":{"line":7,"column":18}},"loc":{"start":{"line":7,"column":47},"end":{"line":58,"column":1}},"line":7},"1":{"name":"(anonymous_1)","decl":{"start":{"line":10,"column":16},"end":{"line":10,"column":17}},"loc":{"start":{"line":10,"column":27},"end":{"line":23,"column":3}},"line":10},"2":{"name":"(anonymous_2)","decl":{"start":{"line":60,"column":24},"end":{"line":60,"column":25}},"loc":{"start":{"line":60,"column":35},"end":{"line":64,"column":1}},"line":60},"3":{"name":"(anonymous_3)","decl":{"start":{"line":66,"column":27},"end":{"line":66,"column":28}},"loc":{"start":{"line":66,"column":41},"end":{"line":70,"column":1}},"line":66},"4":{"name":"(anonymous_4)","decl":{"start":{"line":68,"column":17},"end":{"line":68,"column":18}},"loc":{"start":{"line":68,"column":31},"end":{"line":68,"column":62}},"line":68}},"branchMap":{"0":{"loc":{"start":{"line":15,"column":4},"end":{"line":22,"column":5}},"type":"if","locations":[{"start":{"line":15,"column":4},"end":{"line":22,"column":5}},{"start":{"line":19,"column":11},"end":{"line":22,"column":5}}],"line":15}},"s":{"0":0,"1":0,"2":0,"3":0,"4":0,"5":0,"6":0,"7":0,"8":0,"9":0,"10":0,"11":0,"12":0,"13":0,"14":0,"15":0,"16":0,"17":0},"f":{"0":0,"1":0,"2":0,"3":0,"4":0},"b":{"0":[0,0]}}
,"C:\\Users\\woody\\Desktop\\COMP531\\hw5-DiWu9\\frontend\\src\\components\\landing\\RegisterForm.js": {"path":"C:\\Users\\woody\\Desktop\\COMP531\\hw5-DiWu9\\frontend\\src\\components\\landing\\RegisterForm.js","statementMap":{"0":{"start":{"line":8,"column":19},"end":{"line":8,"column":32}},"1":{"start":{"line":10,"column":19},"end":{"line":50,"column":3}},"2":{"start":{"line":11,"column":4},"end":{"line":11,"column":27}},"3":{"start":{"line":13,"column":4},"end":{"line":16,"column":5}},"4":{"start":{"line":14,"column":6},"end":{"line":14,"column":38}},"5":{"start":{"line":15,"column":6},"end":{"line":15,"column":19}},"6":{"start":{"line":19,"column":14},"end":{"line":19,"column":59}},"7":{"start":{"line":20,"column":4},"end":{"line":23,"column":5}},"8":{"start":{"line":21,"column":6},"end":{"line":21,"column":44}},"9":{"start":{"line":22,"column":6},"end":{"line":22,"column":19}},"10":{"start":{"line":25,"column":30},"end":{"line":25,"column":84}},"11":{"start":{"line":26,"column":30},"end":{"line":26,"column":84}},"12":{"start":{"line":27,"column":24},"end":{"line":27,"column":79}},"13":{"start":{"line":28,"column":24},"end":{"line":28,"column":78}},"14":{"start":{"line":29,"column":22},"end":{"line":29,"column":67}},"15":{"start":{"line":30,"column":27},"end":{"line":30,"column":72}},"16":{"start":{"line":32,"column":4},"end":{"line":37,"column":5}},"17":{"start":{"line":32,"column":17},"end":{"line":32,"column":18}},"18":{"start":{"line":33,"column":6},"end":{"line":36,"column":7}},"19":{"start":{"line":34,"column":8},"end":{"line":34,"column":42}},"20":{"start":{"line":35,"column":8},"end":{"line":35,"column":21}},"21":{"start":{"line":40,"column":23},"end":{"line":47,"column":5}},"22":{"start":{"line":48,"column":4},"end":{"line":48,"column":33}},"23":{"start":{"line":49,"column":4},"end":{"line":49,"column":22}},"24":{"start":{"line":52,"column":2},"end":{"line":187,"column":4}},"25":{"start":{"line":190,"column":24},"end":{"line":194,"column":1}},"26":{"start":{"line":191,"column":2},"end":{"line":193,"column":4}},"27":{"start":{"line":196,"column":27},"end":{"line":200,"column":1}},"28":{"start":{"line":197,"column":2},"end":{"line":199,"column":4}},"29":{"start":{"line":198,"column":38},"end":{"line":198,"column":76}}},"fnMap":{"0":{"name":"RegisterForm","decl":{"start":{"line":7,"column":9},"end":{"line":7,"column":21}},"loc":{"start":{"line":7,"column":59},"end":{"line":188,"column":1}},"line":7},"1":{"name":"(anonymous_1)","decl":{"start":{"line":10,"column":19},"end":{"line":10,"column":20}},"loc":{"start":{"line":10,"column":30},"end":{"line":50,"column":3}},"line":10},"2":{"name":"(anonymous_2)","decl":{"start":{"line":190,"column":24},"end":{"line":190,"column":25}},"loc":{"start":{"line":190,"column":35},"end":{"line":194,"column":1}},"line":190},"3":{"name":"(anonymous_3)","decl":{"start":{"line":196,"column":27},"end":{"line":196,"column":28}},"loc":{"start":{"line":196,"column":41},"end":{"line":200,"column":1}},"line":196},"4":{"name":"(anonymous_4)","decl":{"start":{"line":198,"column":20},"end":{"line":198,"column":21}},"loc":{"start":{"line":198,"column":38},"end":{"line":198,"column":76}},"line":198}},"branchMap":{"0":{"loc":{"start":{"line":13,"column":4},"end":{"line":16,"column":5}},"type":"if","locations":[{"start":{"line":13,"column":4},"end":{"line":16,"column":5}},{"start":{},"end":{}}],"line":13},"1":{"loc":{"start":{"line":20,"column":4},"end":{"line":23,"column":5}},"type":"if","locations":[{"start":{"line":20,"column":4},"end":{"line":23,"column":5}},{"start":{},"end":{}}],"line":20},"2":{"loc":{"start":{"line":33,"column":6},"end":{"line":36,"column":7}},"type":"if","locations":[{"start":{"line":33,"column":6},"end":{"line":36,"column":7}},{"start":{},"end":{}}],"line":33}},"s":{"0":0,"1":0,"2":0,"3":0,"4":0,"5":0,"6":0,"7":0,"8":0,"9":0,"10":0,"11":0,"12":0,"13":0,"14":0,"15":0,"16":0,"17":0,"18":0,"19":0,"20":0,"21":0,"22":0,"23":0,"24":0,"25":0,"26":0,"27":0,"28":0,"29":0},"f":{"0":0,"1":0,"2":0,"3":0,"4":0},"b":{"0":[0,0],"1":[0,0],"2":[0,0]}}
,"C:\\Users\\woody\\Desktop\\COMP531\\hw5-DiWu9\\frontend\\src\\components\\main\\Article.js": {"path":"C:\\Users\\woody\\Desktop\\COMP531\\hw5-DiWu9\\frontend\\src\\components\\main\\Article.js","statementMap":{"0":{"start":{"line":9,"column":15},"end":{"line":9,"column":44}},"1":{"start":{"line":11,"column":2},"end":{"line":22,"column":4}},"2":{"start":{"line":25,"column":24},"end":{"line":31,"column":1}},"3":{"start":{"line":26,"column":2},"end":{"line":30,"column":4}},"4":{"start":{"line":27,"column":38},"end":{"line":27,"column":48}},"5":{"start":{"line":28,"column":37},"end":{"line":28,"column":46}},"6":{"start":{"line":33,"column":27},"end":{"line":35,"column":1}},"7":{"start":{"line":34,"column":2},"end":{"line":34,"column":12}}},"fnMap":{"0":{"name":"Article","decl":{"start":{"line":8,"column":9},"end":{"line":8,"column":16}},"loc":{"start":{"line":8,"column":47},"end":{"line":23,"column":1}},"line":8},"1":{"name":"(anonymous_1)","decl":{"start":{"line":25,"column":24},"end":{"line":25,"column":25}},"loc":{"start":{"line":25,"column":35},"end":{"line":31,"column":1}},"line":25},"2":{"name":"(anonymous_2)","decl":{"start":{"line":27,"column":28},"end":{"line":27,"column":29}},"loc":{"start":{"line":27,"column":38},"end":{"line":27,"column":48}},"line":27},"3":{"name":"(anonymous_3)","decl":{"start":{"line":28,"column":27},"end":{"line":28,"column":28}},"loc":{"start":{"line":28,"column":37},"end":{"line":28,"column":46}},"line":28},"4":{"name":"(anonymous_4)","decl":{"start":{"line":33,"column":27},"end":{"line":33,"column":28}},"loc":{"start":{"line":33,"column":41},"end":{"line":35,"column":1}},"line":33}},"branchMap":{},"s":{"0":0,"1":0,"2":0,"3":0,"4":0,"5":0,"6":0,"7":0},"f":{"0":0,"1":0,"2":0,"3":0,"4":0},"b":{}}
,"C:\\Users\\woody\\Desktop\\COMP531\\hw5-DiWu9\\frontend\\src\\components\\main\\ArticleComment.js": {"path":"C:\\Users\\woody\\Desktop\\COMP531\\hw5-DiWu9\\frontend\\src\\components\\main\\ArticleComment.js","statementMap":{"0":{"start":{"line":7,"column":2},"end":{"line":31,"column":4}},"1":{"start":{"line":34,"column":24},"end":{"line":36,"column":1}},"2":{"start":{"line":35,"column":2},"end":{"line":35,"column":12}},"3":{"start":{"line":38,"column":27},"end":{"line":40,"column":1}},"4":{"start":{"line":39,"column":2},"end":{"line":39,"column":12}}},"fnMap":{"0":{"name":"ArticleComment","decl":{"start":{"line":6,"column":9},"end":{"line":6,"column":23}},"loc":{"start":{"line":6,"column":26},"end":{"line":32,"column":1}},"line":6},"1":{"name":"(anonymous_1)","decl":{"start":{"line":34,"column":24},"end":{"line":34,"column":25}},"loc":{"start":{"line":34,"column":35},"end":{"line":36,"column":1}},"line":34},"2":{"name":"(anonymous_2)","decl":{"start":{"line":38,"column":27},"end":{"line":38,"column":28}},"loc":{"start":{"line":38,"column":41},"end":{"line":40,"column":1}},"line":38}},"branchMap":{},"s":{"0":0,"1":0,"2":0,"3":0,"4":0},"f":{"0":0,"1":0,"2":0},"b":{}}
,"C:\\Users\\woody\\Desktop\\COMP531\\hw5-DiWu9\\frontend\\src\\components\\main\\ArticleEditor.js": {"path":"C:\\Users\\woody\\Desktop\\COMP531\\hw5-DiWu9\\frontend\\src\\components\\main\\ArticleEditor.js","statementMap":{"0":{"start":{"line":9,"column":22},"end":{"line":18,"column":3}},"1":{"start":{"line":10,"column":19},"end":{"line":13,"column":5}},"2":{"start":{"line":14,"column":4},"end":{"line":14,"column":25}},"3":{"start":{"line":15,"column":4},"end":{"line":15,"column":55}},"4":{"start":{"line":16,"column":4},"end":{"line":16,"column":54}},"5":{"start":{"line":17,"column":4},"end":{"line":17,"column":54}},"6":{"start":{"line":20,"column":24},"end":{"line":24,"column":3}},"7":{"start":{"line":21,"column":4},"end":{"line":21,"column":55}},"8":{"start":{"line":22,"column":4},"end":{"line":22,"column":54}},"9":{"start":{"line":23,"column":4},"end":{"line":23,"column":54}},"10":{"start":{"line":27,"column":2},"end":{"line":65,"column":4}},"11":{"start":{"line":68,"column":24},"end":{"line":70,"column":1}},"12":{"start":{"line":69,"column":2},"end":{"line":69,"column":12}},"13":{"start":{"line":72,"column":27},"end":{"line":76,"column":1}},"14":{"start":{"line":73,"column":2},"end":{"line":75,"column":4}},"15":{"start":{"line":74,"column":30},"end":{"line":74,"column":60}}},"fnMap":{"0":{"name":"ArticleEditor","decl":{"start":{"line":7,"column":9},"end":{"line":7,"column":22}},"loc":{"start":{"line":7,"column":37},"end":{"line":66,"column":1}},"line":7},"1":{"name":"(anonymous_1)","decl":{"start":{"line":9,"column":22},"end":{"line":9,"column":23}},"loc":{"start":{"line":9,"column":28},"end":{"line":18,"column":3}},"line":9},"2":{"name":"(anonymous_2)","decl":{"start":{"line":20,"column":24},"end":{"line":20,"column":25}},"loc":{"start":{"line":20,"column":30},"end":{"line":24,"column":3}},"line":20},"3":{"name":"(anonymous_3)","decl":{"start":{"line":68,"column":24},"end":{"line":68,"column":25}},"loc":{"start":{"line":68,"column":35},"end":{"line":70,"column":1}},"line":68},"4":{"name":"(anonymous_4)","decl":{"start":{"line":72,"column":27},"end":{"line":72,"column":28}},"loc":{"start":{"line":72,"column":41},"end":{"line":76,"column":1}},"line":72},"5":{"name":"(anonymous_5)","decl":{"start":{"line":74,"column":16},"end":{"line":74,"column":17}},"loc":{"start":{"line":74,"column":30},"end":{"line":74,"column":60}},"line":74}},"branchMap":{},"s":{"0":0,"1":0,"2":0,"3":0,"4":0,"5":0,"6":0,"7":0,"8":0,"9":0,"10":0,"11":0,"12":0,"13":0,"14":0,"15":0},"f":{"0":0,"1":0,"2":0,"3":0,"4":0,"5":0},"b":{}}
,"C:\\Users\\woody\\Desktop\\COMP531\\hw5-DiWu9\\frontend\\src\\components\\main\\FriendList.js": {"path":"C:\\Users\\woody\\Desktop\\COMP531\\hw5-DiWu9\\frontend\\src\\components\\main\\FriendList.js","statementMap":{"0":{"start":{"line":9,"column":24},"end":{"line":12,"column":3}},"1":{"start":{"line":10,"column":4},"end":{"line":10,"column":71}},"2":{"start":{"line":11,"column":4},"end":{"line":11,"column":62}},"3":{"start":{"line":14,"column":2},"end":{"line":52,"column":4}},"4":{"start":{"line":36,"column":10},"end":{"line":47,"column":16}},"5":{"start":{"line":43,"column":68},"end":{"line":43,"column":85}},"6":{"start":{"line":55,"column":24},"end":{"line":62,"column":1}},"7":{"start":{"line":56,"column":2},"end":{"line":61,"column":4}},"8":{"start":{"line":64,"column":27},"end":{"line":69,"column":1}},"9":{"start":{"line":65,"column":2},"end":{"line":68,"column":4}},"10":{"start":{"line":66,"column":32},"end":{"line":66,"column":64}},"11":{"start":{"line":67,"column":28},"end":{"line":67,"column":56}}},"fnMap":{"0":{"name":"FriendList","decl":{"start":{"line":7,"column":9},"end":{"line":7,"column":19}},"loc":{"start":{"line":7,"column":92},"end":{"line":53,"column":1}},"line":7},"1":{"name":"(anonymous_1)","decl":{"start":{"line":9,"column":24},"end":{"line":9,"column":25}},"loc":{"start":{"line":9,"column":30},"end":{"line":12,"column":3}},"line":9},"2":{"name":"(anonymous_2)","decl":{"start":{"line":35,"column":32},"end":{"line":35,"column":33}},"loc":{"start":{"line":36,"column":10},"end":{"line":47,"column":16}},"line":36},"3":{"name":"(anonymous_3)","decl":{"start":{"line":43,"column":62},"end":{"line":43,"column":63}},"loc":{"start":{"line":43,"column":68},"end":{"line":43,"column":85}},"line":43},"4":{"name":"(anonymous_4)","decl":{"start":{"line":55,"column":24},"end":{"line":55,"column":25}},"loc":{"start":{"line":55,"column":35},"end":{"line":62,"column":1}},"line":55},"5":{"name":"(anonymous_5)","decl":{"start":{"line":64,"column":27},"end":{"line":64,"column":28}},"loc":{"start":{"line":64,"column":41},"end":{"line":69,"column":1}},"line":64},"6":{"name":"(anonymous_6)","decl":{"start":{"line":66,"column":18},"end":{"line":66,"column":19}},"loc":{"start":{"line":66,"column":32},"end":{"line":66,"column":64}},"line":66},"7":{"name":"(anonymous_7)","decl":{"start":{"line":67,"column":20},"end":{"line":67,"column":21}},"loc":{"start":{"line":67,"column":28},"end":{"line":67,"column":56}},"line":67}},"branchMap":{},"s":{"0":0,"1":0,"2":0,"3":0,"4":0,"5":0,"6":0,"7":0,"8":0,"9":0,"10":0,"11":0},"f":{"0":0,"1":0,"2":0,"3":0,"4":0,"5":0,"6":0,"7":0},"b":{}}
,"C:\\Users\\woody\\Desktop\\COMP531\\hw5-DiWu9\\frontend\\src\\components\\main\\LogoutButton.js": {"path":"C:\\Users\\woody\\Desktop\\COMP531\\hw5-DiWu9\\frontend\\src\\components\\main\\LogoutButton.js","statementMap":{"0":{"start":{"line":10,"column":17},"end":{"line":10,"column":30}},"1":{"start":{"line":12,"column":4},"end":{"line":12,"column":19}},"2":{"start":{"line":13,"column":4},"end":{"line":13,"column":18}},"3":{"start":{"line":16,"column":2},"end":{"line":20,"column":4}},"4":{"start":{"line":23,"column":24},"end":{"line":25,"column":1}},"5":{"start":{"line":24,"column":2},"end":{"line":24,"column":12}},"6":{"start":{"line":27,"column":27},"end":{"line":31,"column":1}},"7":{"start":{"line":28,"column":2},"end":{"line":30,"column":4}},"8":{"start":{"line":29,"column":24},"end":{"line":29,"column":48}}},"fnMap":{"0":{"name":"LogoutButton","decl":{"start":{"line":8,"column":9},"end":{"line":8,"column":21}},"loc":{"start":{"line":8,"column":38},"end":{"line":21,"column":1}},"line":8},"1":{"name":"handleSubmit","decl":{"start":{"line":11,"column":11},"end":{"line":11,"column":23}},"loc":{"start":{"line":11,"column":26},"end":{"line":14,"column":3}},"line":11},"2":{"name":"(anonymous_2)","decl":{"start":{"line":23,"column":24},"end":{"line":23,"column":25}},"loc":{"start":{"line":23,"column":35},"end":{"line":25,"column":1}},"line":23},"3":{"name":"(anonymous_3)","decl":{"start":{"line":27,"column":27},"end":{"line":27,"column":28}},"loc":{"start":{"line":27,"column":41},"end":{"line":31,"column":1}},"line":27},"4":{"name":"(anonymous_4)","decl":{"start":{"line":29,"column":18},"end":{"line":29,"column":19}},"loc":{"start":{"line":29,"column":24},"end":{"line":29,"column":48}},"line":29}},"branchMap":{},"s":{"0":0,"1":0,"2":0,"3":0,"4":0,"5":0,"6":0,"7":0,"8":0},"f":{"0":0,"1":0,"2":0,"3":0,"4":0},"b":{}}
,"C:\\Users\\woody\\Desktop\\COMP531\\hw5-DiWu9\\frontend\\src\\components\\main\\Main.js": {"path":"C:\\Users\\woody\\Desktop\\COMP531\\hw5-DiWu9\\frontend\\src\\components\\main\\Main.js","statementMap":{"0":{"start":{"line":15,"column":4},"end":{"line":37,"column":6}},"1":{"start":{"line":41,"column":24},"end":{"line":45,"column":1}},"2":{"start":{"line":42,"column":2},"end":{"line":44,"column":4}},"3":{"start":{"line":47,"column":27},"end":{"line":49,"column":1}},"4":{"start":{"line":48,"column":2},"end":{"line":48,"column":12}}},"fnMap":{"0":{"name":"(anonymous_0)","decl":{"start":{"line":14,"column":2},"end":{"line":14,"column":3}},"loc":{"start":{"line":14,"column":11},"end":{"line":38,"column":3}},"line":14},"1":{"name":"(anonymous_1)","decl":{"start":{"line":41,"column":24},"end":{"line":41,"column":25}},"loc":{"start":{"line":41,"column":35},"end":{"line":45,"column":1}},"line":41},"2":{"name":"(anonymous_2)","decl":{"start":{"line":47,"column":27},"end":{"line":47,"column":28}},"loc":{"start":{"line":47,"column":41},"end":{"line":49,"column":1}},"line":47}},"branchMap":{},"s":{"0":0,"1":0,"2":0,"3":0,"4":0},"f":{"0":0,"1":0,"2":0},"b":{}}
,"C:\\Users\\woody\\Desktop\\COMP531\\hw5-DiWu9\\frontend\\src\\components\\main\\MainProfile.js": {"path":"C:\\Users\\woody\\Desktop\\COMP531\\hw5-DiWu9\\frontend\\src\\components\\main\\MainProfile.js","statementMap":{"0":{"start":{"line":9,"column":18},"end":{"line":13,"column":3}},"1":{"start":{"line":10,"column":20},"end":{"line":10,"column":72}},"2":{"start":{"line":11,"column":4},"end":{"line":11,"column":34}},"3":{"start":{"line":12,"column":4},"end":{"line":12,"column":62}},"4":{"start":{"line":15,"column":2},"end":{"line":40,"column":4}},"5":{"start":{"line":43,"column":24},"end":{"line":48,"column":1}},"6":{"start":{"line":44,"column":2},"end":{"line":47,"column":4}},"7":{"start":{"line":50,"column":27},"end":{"line":54,"column":1}},"8":{"start":{"line":51,"column":2},"end":{"line":53,"column":4}},"9":{"start":{"line":52,"column":39},"end":{"line":52,"column":78}}},"fnMap":{"0":{"name":"MainProfile","decl":{"start":{"line":7,"column":9},"end":{"line":7,"column":20}},"loc":{"start":{"line":7,"column":61},"end":{"line":41,"column":1}},"line":7},"1":{"name":"(anonymous_1)","decl":{"start":{"line":9,"column":18},"end":{"line":9,"column":19}},"loc":{"start":{"line":9,"column":24},"end":{"line":13,"column":3}},"line":9},"2":{"name":"(anonymous_2)","decl":{"start":{"line":43,"column":24},"end":{"line":43,"column":25}},"loc":{"start":{"line":43,"column":35},"end":{"line":48,"column":1}},"line":43},"3":{"name":"(anonymous_3)","decl":{"start":{"line":50,"column":27},"end":{"line":50,"column":28}},"loc":{"start":{"line":50,"column":41},"end":{"line":54,"column":1}},"line":50},"4":{"name":"(anonymous_4)","decl":{"start":{"line":52,"column":24},"end":{"line":52,"column":25}},"loc":{"start":{"line":52,"column":39},"end":{"line":52,"column":78}},"line":52}},"branchMap":{},"s":{"0":0,"1":0,"2":0,"3":0,"4":0,"5":0,"6":0,"7":0,"8":0,"9":0},"f":{"0":0,"1":0,"2":0,"3":0,"4":0},"b":{}}
,"C:\\Users\\woody\\Desktop\\COMP531\\hw5-DiWu9\\frontend\\src\\components\\main\\Posts.js": {"path":"C:\\Users\\woody\\Desktop\\COMP531\\hw5-DiWu9\\frontend\\src\\components\\main\\Posts.js","statementMap":{"0":{"start":{"line":9,"column":24},"end":{"line":12,"column":3}},"1":{"start":{"line":10,"column":22},"end":{"line":10,"column":72}},"2":{"start":{"line":11,"column":4},"end":{"line":11,"column":30}},"3":{"start":{"line":15,"column":2},"end":{"line":44,"column":4}},"4":{"start":{"line":37,"column":12},"end":{"line":39,"column":18}},"5":{"start":{"line":47,"column":24},"end":{"line":51,"column":1}},"6":{"start":{"line":48,"column":2},"end":{"line":50,"column":4}},"7":{"start":{"line":49,"column":37},"end":{"line":49,"column":41}},"8":{"start":{"line":53,"column":27},"end":{"line":57,"column":1}},"9":{"start":{"line":54,"column":2},"end":{"line":56,"column":4}},"10":{"start":{"line":55,"column":35},"end":{"line":55,"column":70}}},"fnMap":{"0":{"name":"Posts","decl":{"start":{"line":7,"column":9},"end":{"line":7,"column":14}},"loc":{"start":{"line":7,"column":40},"end":{"line":45,"column":1}},"line":7},"1":{"name":"(anonymous_1)","decl":{"start":{"line":9,"column":24},"end":{"line":9,"column":25}},"loc":{"start":{"line":9,"column":30},"end":{"line":12,"column":3}},"line":9},"2":{"name":"(anonymous_2)","decl":{"start":{"line":36,"column":21},"end":{"line":36,"column":22}},"loc":{"start":{"line":37,"column":12},"end":{"line":39,"column":18}},"line":37},"3":{"name":"(anonymous_3)","decl":{"start":{"line":47,"column":24},"end":{"line":47,"column":25}},"loc":{"start":{"line":47,"column":35},"end":{"line":51,"column":1}},"line":47},"4":{"name":"(anonymous_4)","decl":{"start":{"line":49,"column":27},"end":{"line":49,"column":28}},"loc":{"start":{"line":49,"column":37},"end":{"line":49,"column":41}},"line":49},"5":{"name":"(anonymous_5)","decl":{"start":{"line":53,"column":27},"end":{"line":53,"column":28}},"loc":{"start":{"line":53,"column":41},"end":{"line":57,"column":1}},"line":53},"6":{"name":"(anonymous_6)","decl":{"start":{"line":55,"column":18},"end":{"line":55,"column":19}},"loc":{"start":{"line":55,"column":35},"end":{"line":55,"column":70}},"line":55}},"branchMap":{},"s":{"0":0,"1":0,"2":0,"3":0,"4":0,"5":0,"6":0,"7":0,"8":0,"9":0,"10":0},"f":{"0":0,"1":0,"2":0,"3":0,"4":0,"5":0,"6":0},"b":{}}
,"C:\\Users\\woody\\Desktop\\COMP531\\hw5-DiWu9\\frontend\\src\\components\\main\\ProfileButton.js": {"path":"C:\\Users\\woody\\Desktop\\COMP531\\hw5-DiWu9\\frontend\\src\\components\\main\\ProfileButton.js","statementMap":{"0":{"start":{"line":10,"column":19},"end":{"line":10,"column":32}},"1":{"start":{"line":12,"column":23},"end":{"line":15,"column":3}},"2":{"start":{"line":13,"column":4},"end":{"line":13,"column":24}},"3":{"start":{"line":14,"column":4},"end":{"line":14,"column":25}},"4":{"start":{"line":17,"column":2},"end":{"line":21,"column":4}},"5":{"start":{"line":24,"column":24},"end":{"line":26,"column":1}},"6":{"start":{"line":25,"column":2},"end":{"line":25,"column":12}},"7":{"start":{"line":28,"column":27},"end":{"line":32,"column":1}},"8":{"start":{"line":29,"column":2},"end":{"line":31,"column":4}},"9":{"start":{"line":30,"column":29},"end":{"line":30,"column":58}}},"fnMap":{"0":{"name":"ProfileButton","decl":{"start":{"line":8,"column":9},"end":{"line":8,"column":22}},"loc":{"start":{"line":8,"column":46},"end":{"line":22,"column":1}},"line":8},"1":{"name":"(anonymous_1)","decl":{"start":{"line":12,"column":23},"end":{"line":12,"column":24}},"loc":{"start":{"line":12,"column":29},"end":{"line":15,"column":3}},"line":12},"2":{"name":"(anonymous_2)","decl":{"start":{"line":24,"column":24},"end":{"line":24,"column":25}},"loc":{"start":{"line":24,"column":35},"end":{"line":26,"column":1}},"line":24},"3":{"name":"(anonymous_3)","decl":{"start":{"line":28,"column":27},"end":{"line":28,"column":28}},"loc":{"start":{"line":28,"column":41},"end":{"line":32,"column":1}},"line":28},"4":{"name":"(anonymous_4)","decl":{"start":{"line":30,"column":23},"end":{"line":30,"column":24}},"loc":{"start":{"line":30,"column":29},"end":{"line":30,"column":58}},"line":30}},"branchMap":{},"s":{"0":0,"1":0,"2":0,"3":0,"4":0,"5":0,"6":0,"7":0,"8":0,"9":0},"f":{"0":0,"1":0,"2":0,"3":0,"4":0},"b":{}}
,"C:\\Users\\woody\\Desktop\\COMP531\\hw5-DiWu9\\frontend\\src\\components\\profile\\Profile.js": {"path":"C:\\Users\\woody\\Desktop\\COMP531\\hw5-DiWu9\\frontend\\src\\components\\profile\\Profile.js","statementMap":{"0":{"start":{"line":11,"column":17},"end":{"line":11,"column":30}},"1":{"start":{"line":13,"column":4},"end":{"line":13,"column":22}},"2":{"start":{"line":16,"column":2},"end":{"line":20,"column":4}},"3":{"start":{"line":25,"column":4},"end":{"line":49,"column":6}},"4":{"start":{"line":53,"column":24},"end":{"line":60,"column":1}},"5":{"start":{"line":54,"column":2},"end":{"line":59,"column":4}},"6":{"start":{"line":62,"column":27},"end":{"line":64,"column":1}},"7":{"start":{"line":63,"column":2},"end":{"line":63,"column":12}}},"fnMap":{"0":{"name":"MainPageButton","decl":{"start":{"line":10,"column":9},"end":{"line":10,"column":23}},"loc":{"start":{"line":10,"column":26},"end":{"line":21,"column":1}},"line":10},"1":{"name":"handleSubmit","decl":{"start":{"line":12,"column":11},"end":{"line":12,"column":23}},"loc":{"start":{"line":12,"column":26},"end":{"line":14,"column":3}},"line":12},"2":{"name":"(anonymous_2)","decl":{"start":{"line":24,"column":2},"end":{"line":24,"column":3}},"loc":{"start":{"line":24,"column":11},"end":{"line":50,"column":3}},"line":24},"3":{"name":"(anonymous_3)","decl":{"start":{"line":53,"column":24},"end":{"line":53,"column":25}},"loc":{"start":{"line":53,"column":35},"end":{"line":60,"column":1}},"line":53},"4":{"name":"(anonymous_4)","decl":{"start":{"line":62,"column":27},"end":{"line":62,"column":28}},"loc":{"start":{"line":62,"column":41},"end":{"line":64,"column":1}},"line":62}},"branchMap":{},"s":{"0":0,"1":0,"2":0,"3":0,"4":0,"5":0,"6":0,"7":0},"f":{"0":0,"1":0,"2":0,"3":0,"4":0},"b":{}}
,"C:\\Users\\woody\\Desktop\\COMP531\\hw5-DiWu9\\frontend\\src\\components\\profile\\ProfileAvatar.js": {"path":"C:\\Users\\woody\\Desktop\\COMP531\\hw5-DiWu9\\frontend\\src\\components\\profile\\ProfileAvatar.js","statementMap":{"0":{"start":{"line":6,"column":2},"end":{"line":17,"column":4}},"1":{"start":{"line":20,"column":24},"end":{"line":24,"column":1}},"2":{"start":{"line":21,"column":2},"end":{"line":23,"column":4}},"3":{"start":{"line":26,"column":27},"end":{"line":28,"column":1}},"4":{"start":{"line":27,"column":2},"end":{"line":27,"column":12}}},"fnMap":{"0":{"name":"ProfileAvatar","decl":{"start":{"line":5,"column":9},"end":{"line":5,"column":22}},"loc":{"start":{"line":5,"column":35},"end":{"line":18,"column":1}},"line":5},"1":{"name":"(anonymous_1)","decl":{"start":{"line":20,"column":24},"end":{"line":20,"column":25}},"loc":{"start":{"line":20,"column":35},"end":{"line":24,"column":1}},"line":20},"2":{"name":"(anonymous_2)","decl":{"start":{"line":26,"column":27},"end":{"line":26,"column":28}},"loc":{"start":{"line":26,"column":41},"end":{"line":28,"column":1}},"line":26}},"branchMap":{},"s":{"0":0,"1":0,"2":0,"3":0,"4":0},"f":{"0":0,"1":0,"2":0},"b":{}}
,"C:\\Users\\woody\\Desktop\\COMP531\\hw5-DiWu9\\frontend\\src\\components\\profile\\ProfileEditor.js": {"path":"C:\\Users\\woody\\Desktop\\COMP531\\hw5-DiWu9\\frontend\\src\\components\\profile\\ProfileEditor.js","statementMap":{"0":{"start":{"line":15,"column":26},"end":{"line":15,"column":41}},"1":{"start":{"line":17,"column":21},"end":{"line":17,"column":40}},"2":{"start":{"line":17,"column":27},"end":{"line":17,"column":40}},"3":{"start":{"line":18,"column":22},"end":{"line":41,"column":3}},"4":{"start":{"line":19,"column":21},"end":{"line":19,"column":81}},"5":{"start":{"line":20,"column":4},"end":{"line":38,"column":5}},"6":{"start":{"line":21,"column":24},"end":{"line":21,"column":75}},"7":{"start":{"line":22,"column":24},"end":{"line":22,"column":75}},"8":{"start":{"line":23,"column":22},"end":{"line":23,"column":71}},"9":{"start":{"line":24,"column":27},"end":{"line":24,"column":81}},"10":{"start":{"line":25,"column":24},"end":{"line":30,"column":7}},"11":{"start":{"line":31,"column":6},"end":{"line":31,"column":32}},"12":{"start":{"line":32,"column":6},"end":{"line":32,"column":63}},"13":{"start":{"line":33,"column":6},"end":{"line":33,"column":63}},"14":{"start":{"line":34,"column":6},"end":{"line":34,"column":61}},"15":{"start":{"line":35,"column":6},"end":{"line":35,"column":66}},"16":{"start":{"line":37,"column":6},"end":{"line":37,"column":42}},"17":{"start":{"line":39,"column":4},"end":{"line":39,"column":70}},"18":{"start":{"line":40,"column":4},"end":{"line":40,"column":19}},"19":{"start":{"line":43,"column":17},"end":{"line":46,"column":3}},"20":{"start":{"line":44,"column":4},"end":{"line":44,"column":27}},"21":{"start":{"line":45,"column":4},"end":{"line":45,"column":17}},"22":{"start":{"line":48,"column":2},"end":{"line":204,"column":4}},"23":{"start":{"line":207,"column":24},"end":{"line":214,"column":1}},"24":{"start":{"line":208,"column":2},"end":{"line":213,"column":4}},"25":{"start":{"line":216,"column":27},"end":{"line":220,"column":1}},"26":{"start":{"line":217,"column":2},"end":{"line":219,"column":4}},"27":{"start":{"line":218,"column":35},"end":{"line":218,"column":70}}},"fnMap":{"0":{"name":"ProfileEditor","decl":{"start":{"line":8,"column":9},"end":{"line":8,"column":22}},"loc":{"start":{"line":14,"column":3},"end":{"line":205,"column":1}},"line":14},"1":{"name":"(anonymous_1)","decl":{"start":{"line":17,"column":21},"end":{"line":17,"column":22}},"loc":{"start":{"line":17,"column":27},"end":{"line":17,"column":40}},"line":17},"2":{"name":"(anonymous_2)","decl":{"start":{"line":18,"column":22},"end":{"line":18,"column":23}},"loc":{"start":{"line":18,"column":28},"end":{"line":41,"column":3}},"line":18},"3":{"name":"(anonymous_3)","decl":{"start":{"line":43,"column":17},"end":{"line":43,"column":18}},"loc":{"start":{"line":43,"column":28},"end":{"line":46,"column":3}},"line":43},"4":{"name":"(anonymous_4)","decl":{"start":{"line":207,"column":24},"end":{"line":207,"column":25}},"loc":{"start":{"line":207,"column":35},"end":{"line":214,"column":1}},"line":207},"5":{"name":"(anonymous_5)","decl":{"start":{"line":216,"column":27},"end":{"line":216,"column":28}},"loc":{"start":{"line":216,"column":41},"end":{"line":220,"column":1}},"line":216},"6":{"name":"(anonymous_6)","decl":{"start":{"line":218,"column":18},"end":{"line":218,"column":19}},"loc":{"start":{"line":218,"column":35},"end":{"line":218,"column":70}},"line":218}},"branchMap":{"0":{"loc":{"start":{"line":20,"column":4},"end":{"line":38,"column":5}},"type":"if","locations":[{"start":{"line":20,"column":4},"end":{"line":38,"column":5}},{"start":{"line":36,"column":11},"end":{"line":38,"column":5}}],"line":20}},"s":{"0":0,"1":0,"2":0,"3":0,"4":0,"5":0,"6":0,"7":0,"8":0,"9":0,"10":0,"11":0,"12":0,"13":0,"14":0,"15":0,"16":0,"17":0,"18":0,"19":0,"20":0,"21":0,"22":0,"23":0,"24":0,"25":0,"26":0,"27":0},"f":{"0":0,"1":0,"2":0,"3":0,"4":0,"5":0,"6":0},"b":{"0":[0,0]}}
}
