TN:
SF:src\App.js
FN:8,(anonymous_0)
FN:10,(anonymous_1)
FN:11,(anonymous_2)
FN:16,(anonymous_3)
FN:17,(anonymous_4)
FN:22,(anonymous_5)
FN:33,(anonymous_6)
FN:38,(anonymous_7)
FN:40,(anonymous_8)
FN:41,(anonymous_9)
FNF:10
FNH:0
FNDA:0,(anonymous_0)
FNDA:0,(anonymous_1)
FNDA:0,(anonymous_2)
FNDA:0,(anonymous_3)
FNDA:0,(anonymous_4)
FNDA:0,(anonymous_5)
FNDA:0,(anonymous_6)
FNDA:0,(anonymous_7)
FNDA:0,(anonymous_8)
FNDA:0,(anonymous_9)
DA:9,0
DA:10,0
DA:12,0
DA:15,0
DA:16,0
DA:18,0
DA:23,0
DA:33,0
DA:34,0
DA:38,0
DA:39,0
DA:40,0
DA:41,0
LF:13
LH:0
BRF:0
BRH:0
end_of_record
TN:
SF:src\actions.js
FN:15,requestPosts
FN:19,requestUsers
FN:23,handleSearch
FN:27,handlePost
FN:31,handleCancel
FN:35,handleChangeStatus
FN:39,handleFollow
FN:43,handleUnfollow
FN:47,handleRegister
FN:51,handleLogin
FN:55,handleLogout
FN:59,handleUpdate
FN:63,switchProfilePage
FNF:13
FNH:13
FNDA:14,requestPosts
FNDA:14,requestUsers
FNDA:3,handleSearch
FNDA:1,handlePost
FNDA:1,handleCancel
FNDA:1,handleChangeStatus
FNDA:2,handleFollow
FNDA:1,handleUnfollow
FNDA:2,handleRegister
FNDA:12,handleLogin
FNDA:1,handleLogout
FNDA:2,handleUpdate
FNDA:2,switchProfilePage
DA:1,1
DA:2,1
DA:3,1
DA:4,1
DA:5,1
DA:6,1
DA:7,1
DA:8,1
DA:9,1
DA:10,1
DA:11,1
DA:12,1
DA:13,1
DA:16,14
DA:20,14
DA:24,3
DA:28,1
DA:32,1
DA:36,1
DA:40,2
DA:44,1
DA:48,2
DA:52,12
DA:56,1
DA:60,2
DA:64,2
LF:26
LH:26
BRF:0
BRH:0
end_of_record
TN:
SF:src\data.js
FNF:0
FNH:0
DA:1,1
DA:612,1
DA:845,1
DA:854,1
DA:859,1
DA:866,1
LF:6
LH:6
BRF:0
BRH:0
end_of_record
TN:
SF:src\functions.js
FN:1,randomInt
FNF:1
FNH:0
FNDA:0,randomInt
DA:2,0
LF:1
LH:0
BRF:0
BRH:0
end_of_record
TN:
SF:src\index.js
FNF:0
FNH:0
DA:17,0
DA:19,0
DA:20,0
DA:35,0
LF:4
LH:0
BRF:0
BRH:0
end_of_record
TN:
SF:src\reducers.js
FN:55,webApp
FNF:1
FNH:1
FNDA:58,webApp
DA:17,1
DA:18,1
DA:19,1
DA:21,1
DA:57,58
DA:60,14
DA:63,14
DA:64,14
DA:65,14
DA:66,14
DA:67,140
DA:68,140
DA:69,10
DA:71,140
DA:79,140
DA:82,14
DA:85,2
DA:86,2
DA:87,2
DA:88,2
DA:89,2
DA:90,2
DA:91,2
DA:92,2
DA:93,2
DA:94,2
DA:104,2
DA:105,2
DA:106,2
DA:107,2
DA:108,2
DA:116,2
DA:117,2
DA:118,2
DA:119,2
DA:122,12
DA:123,12
DA:124,28
DA:125,11
DA:128,1
DA:131,3
DA:132,3
DA:133,3
DA:134,3
DA:135,3
DA:136,3
DA:137,300
DA:138,300
DA:139,300
DA:143,115
DA:145,185
DA:148,3
DA:151,1
DA:152,1
DA:153,1
DA:154,1
DA:155,1
DA:163,1
DA:166,1
DA:169,1
DA:170,1
DA:173,2
DA:174,2
DA:176,2
DA:177,4
DA:178,2
DA:179,2
DA:182,2
DA:183,2
DA:184,2
DA:185,2
DA:188,2
DA:189,2
DA:190,2
DA:191,200
DA:192,200
DA:193,20
DA:195,180
DA:198,2
DA:202,0
DA:205,1
DA:206,1
DA:207,1
DA:208,1
DA:209,0
DA:212,1
DA:213,1
DA:214,1
DA:215,1
DA:216,1
DA:217,1
DA:218,10
DA:219,10
DA:221,0
DA:224,1
DA:227,1
DA:230,2
DA:231,0
DA:233,2
DA:234,2
DA:235,2
DA:236,2
DA:237,2
DA:238,2
DA:239,2
DA:240,2
DA:241,2
DA:242,1
DA:244,2
DA:245,2
DA:247,2
DA:248,1
DA:250,2
DA:251,1
DA:253,2
DA:254,2
DA:255,2
DA:257,2
DA:259,2
LF:119
LH:115
BRDA:55,0,0,16
BRDA:57,1,0,14
BRDA:57,1,1,14
BRDA:57,1,2,2
BRDA:57,1,3,12
BRDA:57,1,4,3
BRDA:57,1,5,1
BRDA:57,1,6,1
BRDA:57,1,7,1
BRDA:57,1,8,2
BRDA:57,1,9,1
BRDA:57,1,10,1
BRDA:57,1,11,2
BRDA:57,1,12,2
BRDA:57,1,13,2
BRDA:68,2,0,10
BRDA:68,2,1,130
BRDA:124,3,0,11
BRDA:124,3,1,17
BRDA:139,4,0,115
BRDA:139,4,1,185
BRDA:140,5,0,300
BRDA:140,5,1,290
BRDA:174,6,0,2
BRDA:174,6,1,0
BRDA:177,7,0,2
BRDA:177,7,1,2
BRDA:182,8,0,2
BRDA:182,8,1,0
BRDA:184,9,0,2
BRDA:184,9,1,0
BRDA:192,10,0,20
BRDA:192,10,1,180
BRDA:208,11,0,0
BRDA:208,11,1,1
BRDA:218,12,0,10
BRDA:218,12,1,0
BRDA:230,13,0,0
BRDA:230,13,1,2
BRDA:241,14,0,1
BRDA:241,14,1,1
BRDA:241,15,0,2
BRDA:241,15,1,1
BRDA:244,16,0,2
BRDA:244,16,1,0
BRDA:244,17,0,2
BRDA:244,17,1,2
BRDA:247,18,0,1
BRDA:247,18,1,1
BRDA:247,19,0,2
BRDA:247,19,1,1
BRDA:250,20,0,1
BRDA:250,20,1,1
BRDA:250,21,0,2
BRDA:250,21,1,1
BRF:55
BRH:48
end_of_record
TN:
SF:src\reportWebVitals.js
FN:1,(anonymous_0)
FN:3,(anonymous_1)
FNF:2
FNH:0
FNDA:0,(anonymous_0)
FNDA:0,(anonymous_1)
DA:1,0
DA:2,0
DA:3,0
DA:4,0
DA:5,0
DA:6,0
DA:7,0
DA:8,0
LF:8
LH:0
BRDA:2,0,0,0
BRDA:2,0,1,0
BRDA:2,1,0,0
BRDA:2,1,1,0
BRF:4
BRH:0
end_of_record
TN:
SF:src\components\landing\Landing.js
FN:10,(anonymous_0)
FN:16,(anonymous_1)
FN:26,(anonymous_2)
FN:34,(anonymous_3)
FN:43,(anonymous_4)
FN:67,(anonymous_5)
FN:73,(anonymous_6)
FN:75,(anonymous_7)
FN:76,(anonymous_8)
FNF:9
FNH:0
FNDA:0,(anonymous_0)
FNDA:0,(anonymous_1)
FNDA:0,(anonymous_2)
FNDA:0,(anonymous_3)
FNDA:0,(anonymous_4)
FNDA:0,(anonymous_5)
FNDA:0,(anonymous_6)
FNDA:0,(anonymous_7)
FNDA:0,(anonymous_8)
DA:12,0
DA:13,0
DA:14,0
DA:16,0
DA:17,0
DA:18,0
DA:22,0
DA:26,0
DA:27,0
DA:28,0
DA:30,0
DA:34,0
DA:35,0
DA:36,0
DA:38,0
DA:44,0
DA:67,0
DA:68,0
DA:73,0
DA:74,0
DA:75,0
DA:76,0
LF:22
LH:0
BRDA:17,0,0,0
BRDA:17,0,1,0
BRDA:27,1,0,0
BRDA:27,1,1,0
BRDA:35,2,0,0
BRDA:35,2,1,0
BRF:6
BRH:0
end_of_record
TN:
SF:src\components\landing\LoginForm.js
FN:7,LoginForm
FN:10,(anonymous_1)
FN:60,(anonymous_2)
FN:66,(anonymous_3)
FN:68,(anonymous_4)
FNF:5
FNH:0
FNDA:0,LoginForm
FNDA:0,(anonymous_1)
FNDA:0,(anonymous_2)
FNDA:0,(anonymous_3)
FNDA:0,(anonymous_4)
DA:8,0
DA:10,0
DA:11,0
DA:12,0
DA:13,0
DA:14,0
DA:15,0
DA:16,0
DA:17,0
DA:18,0
DA:20,0
DA:21,0
DA:25,0
DA:60,0
DA:61,0
DA:66,0
DA:67,0
DA:68,0
LF:18
LH:0
BRDA:15,0,0,0
BRDA:15,0,1,0
BRF:2
BRH:0
end_of_record
TN:
SF:src\components\landing\RegisterForm.js
FN:7,RegisterForm
FN:10,(anonymous_1)
FN:190,(anonymous_2)
FN:196,(anonymous_3)
FN:198,(anonymous_4)
FNF:5
FNH:0
FNDA:0,RegisterForm
FNDA:0,(anonymous_1)
FNDA:0,(anonymous_2)
FNDA:0,(anonymous_3)
FNDA:0,(anonymous_4)
DA:8,0
DA:10,0
DA:11,0
DA:13,0
DA:14,0
DA:15,0
DA:19,0
DA:20,0
DA:21,0
DA:22,0
DA:25,0
DA:26,0
DA:27,0
DA:28,0
DA:29,0
DA:30,0
DA:32,0
DA:33,0
DA:34,0
DA:35,0
DA:40,0
DA:48,0
DA:49,0
DA:52,0
DA:190,0
DA:191,0
DA:196,0
DA:197,0
DA:198,0
LF:29
LH:0
BRDA:13,0,0,0
BRDA:13,0,1,0
BRDA:20,1,0,0
BRDA:20,1,1,0
BRDA:33,2,0,0
BRDA:33,2,1,0
BRF:6
BRH:0
end_of_record
TN:
SF:src\components\main\Article.js
FN:8,Article
FN:25,(anonymous_1)
FN:27,(anonymous_2)
FN:28,(anonymous_3)
FN:33,(anonymous_4)
FNF:5
FNH:0
FNDA:0,Article
FNDA:0,(anonymous_1)
FNDA:0,(anonymous_2)
FNDA:0,(anonymous_3)
FNDA:0,(anonymous_4)
DA:9,0
DA:11,0
DA:25,0
DA:26,0
DA:27,0
DA:28,0
DA:33,0
DA:34,0
LF:8
LH:0
BRF:0
BRH:0
end_of_record
TN:
SF:src\components\main\ArticleComment.js
FN:6,ArticleComment
FN:34,(anonymous_1)
FN:38,(anonymous_2)
FNF:3
FNH:0
FNDA:0,ArticleComment
FNDA:0,(anonymous_1)
FNDA:0,(anonymous_2)
DA:7,0
DA:34,0
DA:35,0
DA:38,0
DA:39,0
LF:5
LH:0
BRF:0
BRH:0
end_of_record
TN:
SF:src\components\main\ArticleEditor.js
FN:7,ArticleEditor
FN:9,(anonymous_1)
FN:20,(anonymous_2)
FN:68,(anonymous_3)
FN:72,(anonymous_4)
FN:74,(anonymous_5)
FNF:6
FNH:0
FNDA:0,ArticleEditor
FNDA:0,(anonymous_1)
FNDA:0,(anonymous_2)
FNDA:0,(anonymous_3)
FNDA:0,(anonymous_4)
FNDA:0,(anonymous_5)
DA:9,0
DA:10,0
DA:14,0
DA:15,0
DA:16,0
DA:17,0
DA:20,0
DA:21,0
DA:22,0
DA:23,0
DA:27,0
DA:68,0
DA:69,0
DA:72,0
DA:73,0
DA:74,0
LF:16
LH:0
BRF:0
BRH:0
end_of_record
TN:
SF:src\components\main\FriendList.js
FN:7,FriendList
FN:9,(anonymous_1)
FN:35,(anonymous_2)
FN:43,(anonymous_3)
FN:55,(anonymous_4)
FN:64,(anonymous_5)
FN:66,(anonymous_6)
FN:67,(anonymous_7)
FNF:8
FNH:0
FNDA:0,FriendList
FNDA:0,(anonymous_1)
FNDA:0,(anonymous_2)
FNDA:0,(anonymous_3)
FNDA:0,(anonymous_4)
FNDA:0,(anonymous_5)
FNDA:0,(anonymous_6)
FNDA:0,(anonymous_7)
DA:9,0
DA:10,0
DA:11,0
DA:14,0
DA:36,0
DA:43,0
DA:55,0
DA:56,0
DA:64,0
DA:65,0
DA:66,0
DA:67,0
LF:12
LH:0
BRF:0
BRH:0
end_of_record
TN:
SF:src\components\main\LogoutButton.js
FN:8,LogoutButton
FN:11,handleSubmit
FN:23,(anonymous_2)
FN:27,(anonymous_3)
FN:29,(anonymous_4)
FNF:5
FNH:0
FNDA:0,LogoutButton
FNDA:0,handleSubmit
FNDA:0,(anonymous_2)
FNDA:0,(anonymous_3)
FNDA:0,(anonymous_4)
DA:10,0
DA:12,0
DA:13,0
DA:16,0
DA:23,0
DA:24,0
DA:27,0
DA:28,0
DA:29,0
LF:9
LH:0
BRF:0
BRH:0
end_of_record
TN:
SF:src\components\main\Main.js
FN:14,(anonymous_0)
FN:41,(anonymous_1)
FN:47,(anonymous_2)
FNF:3
FNH:0
FNDA:0,(anonymous_0)
FNDA:0,(anonymous_1)
FNDA:0,(anonymous_2)
DA:15,0
DA:41,0
DA:42,0
DA:47,0
DA:48,0
LF:5
LH:0
BRF:0
BRH:0
end_of_record
TN:
SF:src\components\main\MainProfile.js
FN:7,MainProfile
FN:9,(anonymous_1)
FN:43,(anonymous_2)
FN:50,(anonymous_3)
FN:52,(anonymous_4)
FNF:5
FNH:0
FNDA:0,MainProfile
FNDA:0,(anonymous_1)
FNDA:0,(anonymous_2)
FNDA:0,(anonymous_3)
FNDA:0,(anonymous_4)
DA:9,0
DA:10,0
DA:11,0
DA:12,0
DA:15,0
DA:43,0
DA:44,0
DA:50,0
DA:51,0
DA:52,0
LF:10
LH:0
BRF:0
BRH:0
end_of_record
TN:
SF:src\components\main\Posts.js
FN:7,Posts
FN:9,(anonymous_1)
FN:36,(anonymous_2)
FN:47,(anonymous_3)
FN:49,(anonymous_4)
FN:53,(anonymous_5)
FN:55,(anonymous_6)
FNF:7
FNH:0
FNDA:0,Posts
FNDA:0,(anonymous_1)
FNDA:0,(anonymous_2)
FNDA:0,(anonymous_3)
FNDA:0,(anonymous_4)
FNDA:0,(anonymous_5)
FNDA:0,(anonymous_6)
DA:9,0
DA:10,0
DA:11,0
DA:15,0
DA:37,0
DA:47,0
DA:48,0
DA:49,0
DA:53,0
DA:54,0
DA:55,0
LF:11
LH:0
BRF:0
BRH:0
end_of_record
TN:
SF:src\components\main\ProfileButton.js
FN:8,ProfileButton
FN:12,(anonymous_1)
FN:24,(anonymous_2)
FN:28,(anonymous_3)
FN:30,(anonymous_4)
FNF:5
FNH:0
FNDA:0,ProfileButton
FNDA:0,(anonymous_1)
FNDA:0,(anonymous_2)
FNDA:0,(anonymous_3)
FNDA:0,(anonymous_4)
DA:10,0
DA:12,0
DA:13,0
DA:14,0
DA:17,0
DA:24,0
DA:25,0
DA:28,0
DA:29,0
DA:30,0
LF:10
LH:0
BRF:0
BRH:0
end_of_record
TN:
SF:src\components\profile\Profile.js
FN:10,MainPageButton
FN:12,handleSubmit
FN:24,(anonymous_2)
FN:53,(anonymous_3)
FN:62,(anonymous_4)
FNF:5
FNH:0
FNDA:0,MainPageButton
FNDA:0,handleSubmit
FNDA:0,(anonymous_2)
FNDA:0,(anonymous_3)
FNDA:0,(anonymous_4)
DA:11,0
DA:13,0
DA:16,0
DA:25,0
DA:53,0
DA:54,0
DA:62,0
DA:63,0
LF:8
LH:0
BRF:0
BRH:0
end_of_record
TN:
SF:src\components\profile\ProfileAvatar.js
FN:5,ProfileAvatar
FN:20,(anonymous_1)
FN:26,(anonymous_2)
FNF:3
FNH:0
FNDA:0,ProfileAvatar
FNDA:0,(anonymous_1)
FNDA:0,(anonymous_2)
DA:6,0
DA:20,0
DA:21,0
DA:26,0
DA:27,0
LF:5
LH:0
BRF:0
BRH:0
end_of_record
TN:
SF:src\components\profile\ProfileEditor.js
FN:8,ProfileEditor
FN:17,(anonymous_1)
FN:18,(anonymous_2)
FN:43,(anonymous_3)
FN:207,(anonymous_4)
FN:216,(anonymous_5)
FN:218,(anonymous_6)
FNF:7
FNH:0
FNDA:0,ProfileEditor
FNDA:0,(anonymous_1)
FNDA:0,(anonymous_2)
FNDA:0,(anonymous_3)
FNDA:0,(anonymous_4)
FNDA:0,(anonymous_5)
FNDA:0,(anonymous_6)
DA:15,0
DA:17,0
DA:18,0
DA:19,0
DA:20,0
DA:21,0
DA:22,0
DA:23,0
DA:24,0
DA:25,0
DA:31,0
DA:32,0
DA:33,0
DA:34,0
DA:35,0
DA:37,0
DA:39,0
DA:40,0
DA:43,0
DA:44,0
DA:45,0
DA:48,0
DA:207,0
DA:208,0
DA:216,0
DA:217,0
DA:218,0
LF:27
LH:0
BRDA:20,0,0,0
BRDA:20,0,1,0
BRF:2
BRH:0
end_of_record
